<?xml version="1.0" encoding="UTF-8"?>
<testng-results ignored="0" total="1" passed="1" failed="0" skipped="0">
  <reporter-output>
  </reporter-output>
  <suite started-at="2022-08-05T12:06:53 IST" name="Surefire suite" finished-at="2022-08-05T12:09:08 IST" duration-ms="134639">
    <groups>
    </groups>
    <test started-at="2022-08-05T12:06:53 IST" name="Surefire test" finished-at="2022-08-05T12:09:08 IST" duration-ms="134639">
      <class name="tests.CalculatorPageTests">
        <test-method is-config="true" signature="setDriver()[pri:0, instance:tests.CalculatorPageTests@1e730495]" started-at="2022-08-05T12:06:53 IST" name="setDriver" finished-at="2022-08-05T12:06:56 IST" duration-ms="2726" status="PASS">
          <reporter-output>
          </reporter-output>
        </test-method> <!-- setDriver -->
        <test-method signature="checkInformationInVmClassString()[pri:0, instance:tests.CalculatorPageTests@1e730495]" started-at="2022-08-05T12:06:56 IST" name="checkInformationInVmClassString" finished-at="2022-08-05T12:09:07 IST" duration-ms="131726" status="PASS">
          <reporter-output>
          </reporter-output>
        </test-method> <!-- checkInformationInVmClassString -->
        <test-method is-config="true" signature="closeDriver()[pri:0, instance:tests.CalculatorPageTests@1e730495]" started-at="2022-08-05T12:09:07 IST" name="closeDriver" finished-at="2022-08-05T12:09:08 IST" duration-ms="153" status="PASS">
          <reporter-output>
          </reporter-output>
        </test-method> <!-- closeDriver -->
      </class> <!-- tests.CalculatorPageTests -->
    </test> <!-- Surefire test -->
  </suite> <!-- Surefire suite -->
</testng-results>
